<?xml version="1.0" encoding="UTF-8"?>
<coverage generated="1589833801594" clover="3.2.0">
  <project timestamp="1589833801595" name="All files">
    <metrics statements="16" coveredstatements="15" conditionals="8" coveredconditionals="7" methods="1" coveredmethods="1" elements="25" coveredelements="23" complexity="0" loc="16" ncloc="16" packages="1" files="1" classes="1"/>
    <file name="array-shift.js" path="/mnt/c/Users/STD/ltuc/401/data-structures-and-algorithms/challenges/arrayShift/array-shift.js">
      <metrics statements="16" coveredstatements="15" conditionals="8" coveredconditionals="7" methods="1" coveredmethods="1"/>
      <line num="4" count="3" type="cond" truecount="4" falsecount="0"/>
      <line num="5" count="1" type="stmt"/>
      <line num="6" count="1" type="cond" truecount="1" falsecount="1"/>
      <line num="7" count="0" type="stmt"/>
      <line num="9" count="1" type="stmt"/>
      <line num="11" count="1" type="stmt"/>
      <line num="12" count="1" type="stmt"/>
      <line num="13" count="1" type="stmt"/>
      <line num="14" count="6" type="cond" truecount="2" falsecount="0"/>
      <line num="15" count="1" type="stmt"/>
      <line num="16" count="1" type="stmt"/>
      <line num="18" count="5" type="stmt"/>
      <line num="20" count="6" type="stmt"/>
      <line num="22" count="1" type="stmt"/>
      <line num="24" count="2" type="stmt"/>
      <line num="30" count="1" type="stmt"/>
    </file>
  </project>
</coverage>
